<?xml version="1.0" encoding="UTF-8"?>
<testsuite xmlns:xsi="http://www.w3.org/2001/XMLSchema-instance" xsi:noNamespaceSchemaLocation="https://maven.apache.org/surefire/maven-surefire-plugin/xsd/surefire-test-report.xsd" name="com.example.player.PlayerControllerTests" time="12.1" tests="11" errors="0" skipped="0" failures="8">
  <properties>
    <property name="awt.toolkit" value="sun.awt.X11.XToolkit"/>
    <property name="file.encoding.pkg" value="sun.io"/>
    <property name="java.specification.version" value="1.8"/>
    <property name="sun.cpu.isalist" value=""/>
    <property name="sun.jnu.encoding" value="UTF-8"/>
    <property name="java.class.path" value="/home/nxtwave/player/target/test-classes:/home/nxtwave/player/target/classes:/home/nxtwave/.m2/repository/org/springframework/boot/spring-boot-starter-web/2.7.8/spring-boot-starter-web-2.7.8.jar:/home/nxtwave/.m2/repository/org/springframework/boot/spring-boot-starter/2.7.8/spring-boot-starter-2.7.8.jar:/home/nxtwave/.m2/repository/org/springframework/boot/spring-boot/2.7.8/spring-boot-2.7.8.jar:/home/nxtwave/.m2/repository/org/springframework/boot/spring-boot-autoconfigure/2.7.8/spring-boot-autoconfigure-2.7.8.jar:/home/nxtwave/.m2/repository/org/springframework/boot/spring-boot-starter-logging/2.7.8/spring-boot-starter-logging-2.7.8.jar:/home/nxtwave/.m2/repository/ch/qos/logback/logback-classic/1.2.11/logback-classic-1.2.11.jar:/home/nxtwave/.m2/repository/ch/qos/logback/logback-core/1.2.11/logback-core-1.2.11.jar:/home/nxtwave/.m2/repository/org/apache/logging/log4j/log4j-to-slf4j/2.17.2/log4j-to-slf4j-2.17.2.jar:/home/nxtwave/.m2/repository/org/apache/logging/log4j/log4j-api/2.17.2/log4j-api-2.17.2.jar:/home/nxtwave/.m2/repository/org/slf4j/jul-to-slf4j/1.7.36/jul-to-slf4j-1.7.36.jar:/home/nxtwave/.m2/repository/jakarta/annotation/jakarta.annotation-api/1.3.5/jakarta.annotation-api-1.3.5.jar:/home/nxtwave/.m2/repository/org/yaml/snakeyaml/1.30/snakeyaml-1.30.jar:/home/nxtwave/.m2/repository/org/springframework/boot/spring-boot-starter-json/2.7.8/spring-boot-starter-json-2.7.8.jar:/home/nxtwave/.m2/repository/com/fasterxml/jackson/core/jackson-databind/2.13.4.2/jackson-databind-2.13.4.2.jar:/home/nxtwave/.m2/repository/com/fasterxml/jackson/core/jackson-annotations/2.13.4/jackson-annotations-2.13.4.jar:/home/nxtwave/.m2/repository/com/fasterxml/jackson/core/jackson-core/2.13.4/jackson-core-2.13.4.jar:/home/nxtwave/.m2/repository/com/fasterxml/jackson/datatype/jackson-datatype-jdk8/2.13.4/jackson-datatype-jdk8-2.13.4.jar:/home/nxtwave/.m2/repository/com/fasterxml/jackson/datatype/jackson-datatype-jsr310/2.13.4/jackson-datatype-jsr310-2.13.4.jar:/home/nxtwave/.m2/repository/com/fasterxml/jackson/module/jackson-module-parameter-names/2.13.4/jackson-module-parameter-names-2.13.4.jar:/home/nxtwave/.m2/repository/org/springframework/boot/spring-boot-starter-tomcat/2.7.8/spring-boot-starter-tomcat-2.7.8.jar:/home/nxtwave/.m2/repository/org/apache/tomcat/embed/tomcat-embed-core/9.0.71/tomcat-embed-core-9.0.71.jar:/home/nxtwave/.m2/repository/org/apache/tomcat/embed/tomcat-embed-websocket/9.0.71/tomcat-embed-websocket-9.0.71.jar:/home/nxtwave/.m2/repository/org/springframework/spring-web/5.3.25/spring-web-5.3.25.jar:/home/nxtwave/.m2/repository/org/springframework/spring-webmvc/5.3.25/spring-webmvc-5.3.25.jar:/home/nxtwave/.m2/repository/org/springframework/boot/spring-boot-starter-validation/2.7.8/spring-boot-starter-validation-2.7.8.jar:/home/nxtwave/.m2/repository/org/apache/tomcat/embed/tomcat-embed-el/9.0.71/tomcat-embed-el-9.0.71.jar:/home/nxtwave/.m2/repository/org/hibernate/validator/hibernate-validator/6.2.5.Final/hibernate-validator-6.2.5.Final.jar:/home/nxtwave/.m2/repository/jakarta/validation/jakarta.validation-api/2.0.2/jakarta.validation-api-2.0.2.jar:/home/nxtwave/.m2/repository/org/jboss/logging/jboss-logging/3.4.3.Final/jboss-logging-3.4.3.Final.jar:/home/nxtwave/.m2/repository/com/fasterxml/classmate/1.5.1/classmate-1.5.1.jar:/home/nxtwave/.m2/repository/org/springframework/boot/spring-boot-starter-test/2.7.8/spring-boot-starter-test-2.7.8.jar:/home/nxtwave/.m2/repository/org/springframework/boot/spring-boot-test/2.7.8/spring-boot-test-2.7.8.jar:/home/nxtwave/.m2/repository/org/springframework/boot/spring-boot-test-autoconfigure/2.7.8/spring-boot-test-autoconfigure-2.7.8.jar:/home/nxtwave/.m2/repository/com/jayway/jsonpath/json-path/2.7.0/json-path-2.7.0.jar:/home/nxtwave/.m2/repository/net/minidev/json-smart/2.4.8/json-smart-2.4.8.jar:/home/nxtwave/.m2/repository/net/minidev/accessors-smart/2.4.8/accessors-smart-2.4.8.jar:/home/nxtwave/.m2/repository/org/ow2/asm/asm/9.1/asm-9.1.jar:/home/nxtwave/.m2/repository/org/slf4j/slf4j-api/1.7.36/slf4j-api-1.7.36.jar:/home/nxtwave/.m2/repository/jakarta/xml/bind/jakarta.xml.bind-api/2.3.3/jakarta.xml.bind-api-2.3.3.jar:/home/nxtwave/.m2/repository/jakarta/activation/jakarta.activation-api/1.2.2/jakarta.activation-api-1.2.2.jar:/home/nxtwave/.m2/repository/org/assertj/assertj-core/3.22.0/assertj-core-3.22.0.jar:/home/nxtwave/.m2/repository/org/hamcrest/hamcrest/2.2/hamcrest-2.2.jar:/home/nxtwave/.m2/repository/org/junit/jupiter/junit-jupiter/5.8.2/junit-jupiter-5.8.2.jar:/home/nxtwave/.m2/repository/org/junit/jupiter/junit-jupiter-params/5.8.2/junit-jupiter-params-5.8.2.jar:/home/nxtwave/.m2/repository/org/junit/jupiter/junit-jupiter-engine/5.8.2/junit-jupiter-engine-5.8.2.jar:/home/nxtwave/.m2/repository/org/junit/platform/junit-platform-engine/1.8.2/junit-platform-engine-1.8.2.jar:/home/nxtwave/.m2/repository/org/mockito/mockito-core/4.5.1/mockito-core-4.5.1.jar:/home/nxtwave/.m2/repository/net/bytebuddy/byte-buddy/1.12.22/byte-buddy-1.12.22.jar:/home/nxtwave/.m2/repository/net/bytebuddy/byte-buddy-agent/1.12.22/byte-buddy-agent-1.12.22.jar:/home/nxtwave/.m2/repository/org/objenesis/objenesis/3.2/objenesis-3.2.jar:/home/nxtwave/.m2/repository/org/skyscreamer/jsonassert/1.5.1/jsonassert-1.5.1.jar:/home/nxtwave/.m2/repository/com/vaadin/external/google/android-json/0.0.20131108.vaadin1/android-json-0.0.20131108.vaadin1.jar:/home/nxtwave/.m2/repository/org/springframework/spring-core/5.3.25/spring-core-5.3.25.jar:/home/nxtwave/.m2/repository/org/springframework/spring-jcl/5.3.25/spring-jcl-5.3.25.jar:/home/nxtwave/.m2/repository/org/xmlunit/xmlunit-core/2.9.1/xmlunit-core-2.9.1.jar:/home/nxtwave/.m2/repository/org/springframework/spring-context/5.3.24/spring-context-5.3.24.jar:/home/nxtwave/.m2/repository/org/springframework/spring-aop/5.3.25/spring-aop-5.3.25.jar:/home/nxtwave/.m2/repository/org/springframework/spring-beans/5.3.25/spring-beans-5.3.25.jar:/home/nxtwave/.m2/repository/org/springframework/spring-expression/5.3.25/spring-expression-5.3.25.jar:/home/nxtwave/.m2/repository/org/springframework/spring-test/5.3.24/spring-test-5.3.24.jar:/home/nxtwave/.m2/repository/org/mockito/mockito-junit-jupiter/4.5.1/mockito-junit-jupiter-4.5.1.jar:/home/nxtwave/.m2/repository/org/junit/jupiter/junit-jupiter-api/5.8.2/junit-jupiter-api-5.8.2.jar:/home/nxtwave/.m2/repository/org/opentest4j/opentest4j/1.2.0/opentest4j-1.2.0.jar:/home/nxtwave/.m2/repository/org/junit/platform/junit-platform-commons/1.8.2/junit-platform-commons-1.8.2.jar:/home/nxtwave/.m2/repository/org/apiguardian/apiguardian-api/1.1.2/apiguardian-api-1.1.2.jar:"/>
    <property name="java.vm.vendor" value="Oracle Corporation"/>
    <property name="sun.arch.data.model" value="64"/>
    <property name="java.vendor.url" value="http://java.oracle.com/"/>
    <property name="user.timezone" value=""/>
    <property name="java.vm.specification.version" value="1.8"/>
    <property name="os.name" value="Linux"/>
    <property name="sun.java.launcher" value="SUN_STANDARD"/>
    <property name="sun.boot.library.path" value="/usr/local/openjdk-8/jre/lib/amd64"/>
    <property name="sun.java.command" value="/home/nxtwave/player/target/surefire/surefirebooter3640662198529349787.jar /home/nxtwave/player/target/surefire 2023-12-08T15-55-17_441-jvmRun1 surefire3676061819656195967tmp surefire_03017825453671291319tmp"/>
    <property name="surefire.test.class.path" value="/home/nxtwave/player/target/test-classes:/home/nxtwave/player/target/classes:/home/nxtwave/.m2/repository/org/springframework/boot/spring-boot-starter-web/2.7.8/spring-boot-starter-web-2.7.8.jar:/home/nxtwave/.m2/repository/org/springframework/boot/spring-boot-starter/2.7.8/spring-boot-starter-2.7.8.jar:/home/nxtwave/.m2/repository/org/springframework/boot/spring-boot/2.7.8/spring-boot-2.7.8.jar:/home/nxtwave/.m2/repository/org/springframework/boot/spring-boot-autoconfigure/2.7.8/spring-boot-autoconfigure-2.7.8.jar:/home/nxtwave/.m2/repository/org/springframework/boot/spring-boot-starter-logging/2.7.8/spring-boot-starter-logging-2.7.8.jar:/home/nxtwave/.m2/repository/ch/qos/logback/logback-classic/1.2.11/logback-classic-1.2.11.jar:/home/nxtwave/.m2/repository/ch/qos/logback/logback-core/1.2.11/logback-core-1.2.11.jar:/home/nxtwave/.m2/repository/org/apache/logging/log4j/log4j-to-slf4j/2.17.2/log4j-to-slf4j-2.17.2.jar:/home/nxtwave/.m2/repository/org/apache/logging/log4j/log4j-api/2.17.2/log4j-api-2.17.2.jar:/home/nxtwave/.m2/repository/org/slf4j/jul-to-slf4j/1.7.36/jul-to-slf4j-1.7.36.jar:/home/nxtwave/.m2/repository/jakarta/annotation/jakarta.annotation-api/1.3.5/jakarta.annotation-api-1.3.5.jar:/home/nxtwave/.m2/repository/org/yaml/snakeyaml/1.30/snakeyaml-1.30.jar:/home/nxtwave/.m2/repository/org/springframework/boot/spring-boot-starter-json/2.7.8/spring-boot-starter-json-2.7.8.jar:/home/nxtwave/.m2/repository/com/fasterxml/jackson/core/jackson-databind/2.13.4.2/jackson-databind-2.13.4.2.jar:/home/nxtwave/.m2/repository/com/fasterxml/jackson/core/jackson-annotations/2.13.4/jackson-annotations-2.13.4.jar:/home/nxtwave/.m2/repository/com/fasterxml/jackson/core/jackson-core/2.13.4/jackson-core-2.13.4.jar:/home/nxtwave/.m2/repository/com/fasterxml/jackson/datatype/jackson-datatype-jdk8/2.13.4/jackson-datatype-jdk8-2.13.4.jar:/home/nxtwave/.m2/repository/com/fasterxml/jackson/datatype/jackson-datatype-jsr310/2.13.4/jackson-datatype-jsr310-2.13.4.jar:/home/nxtwave/.m2/repository/com/fasterxml/jackson/module/jackson-module-parameter-names/2.13.4/jackson-module-parameter-names-2.13.4.jar:/home/nxtwave/.m2/repository/org/springframework/boot/spring-boot-starter-tomcat/2.7.8/spring-boot-starter-tomcat-2.7.8.jar:/home/nxtwave/.m2/repository/org/apache/tomcat/embed/tomcat-embed-core/9.0.71/tomcat-embed-core-9.0.71.jar:/home/nxtwave/.m2/repository/org/apache/tomcat/embed/tomcat-embed-websocket/9.0.71/tomcat-embed-websocket-9.0.71.jar:/home/nxtwave/.m2/repository/org/springframework/spring-web/5.3.25/spring-web-5.3.25.jar:/home/nxtwave/.m2/repository/org/springframework/spring-webmvc/5.3.25/spring-webmvc-5.3.25.jar:/home/nxtwave/.m2/repository/org/springframework/boot/spring-boot-starter-validation/2.7.8/spring-boot-starter-validation-2.7.8.jar:/home/nxtwave/.m2/repository/org/apache/tomcat/embed/tomcat-embed-el/9.0.71/tomcat-embed-el-9.0.71.jar:/home/nxtwave/.m2/repository/org/hibernate/validator/hibernate-validator/6.2.5.Final/hibernate-validator-6.2.5.Final.jar:/home/nxtwave/.m2/repository/jakarta/validation/jakarta.validation-api/2.0.2/jakarta.validation-api-2.0.2.jar:/home/nxtwave/.m2/repository/org/jboss/logging/jboss-logging/3.4.3.Final/jboss-logging-3.4.3.Final.jar:/home/nxtwave/.m2/repository/com/fasterxml/classmate/1.5.1/classmate-1.5.1.jar:/home/nxtwave/.m2/repository/org/springframework/boot/spring-boot-starter-test/2.7.8/spring-boot-starter-test-2.7.8.jar:/home/nxtwave/.m2/repository/org/springframework/boot/spring-boot-test/2.7.8/spring-boot-test-2.7.8.jar:/home/nxtwave/.m2/repository/org/springframework/boot/spring-boot-test-autoconfigure/2.7.8/spring-boot-test-autoconfigure-2.7.8.jar:/home/nxtwave/.m2/repository/com/jayway/jsonpath/json-path/2.7.0/json-path-2.7.0.jar:/home/nxtwave/.m2/repository/net/minidev/json-smart/2.4.8/json-smart-2.4.8.jar:/home/nxtwave/.m2/repository/net/minidev/accessors-smart/2.4.8/accessors-smart-2.4.8.jar:/home/nxtwave/.m2/repository/org/ow2/asm/asm/9.1/asm-9.1.jar:/home/nxtwave/.m2/repository/org/slf4j/slf4j-api/1.7.36/slf4j-api-1.7.36.jar:/home/nxtwave/.m2/repository/jakarta/xml/bind/jakarta.xml.bind-api/2.3.3/jakarta.xml.bind-api-2.3.3.jar:/home/nxtwave/.m2/repository/jakarta/activation/jakarta.activation-api/1.2.2/jakarta.activation-api-1.2.2.jar:/home/nxtwave/.m2/repository/org/assertj/assertj-core/3.22.0/assertj-core-3.22.0.jar:/home/nxtwave/.m2/repository/org/hamcrest/hamcrest/2.2/hamcrest-2.2.jar:/home/nxtwave/.m2/repository/org/junit/jupiter/junit-jupiter/5.8.2/junit-jupiter-5.8.2.jar:/home/nxtwave/.m2/repository/org/junit/jupiter/junit-jupiter-params/5.8.2/junit-jupiter-params-5.8.2.jar:/home/nxtwave/.m2/repository/org/junit/jupiter/junit-jupiter-engine/5.8.2/junit-jupiter-engine-5.8.2.jar:/home/nxtwave/.m2/repository/org/junit/platform/junit-platform-engine/1.8.2/junit-platform-engine-1.8.2.jar:/home/nxtwave/.m2/repository/org/mockito/mockito-core/4.5.1/mockito-core-4.5.1.jar:/home/nxtwave/.m2/repository/net/bytebuddy/byte-buddy/1.12.22/byte-buddy-1.12.22.jar:/home/nxtwave/.m2/repository/net/bytebuddy/byte-buddy-agent/1.12.22/byte-buddy-agent-1.12.22.jar:/home/nxtwave/.m2/repository/org/objenesis/objenesis/3.2/objenesis-3.2.jar:/home/nxtwave/.m2/repository/org/skyscreamer/jsonassert/1.5.1/jsonassert-1.5.1.jar:/home/nxtwave/.m2/repository/com/vaadin/external/google/android-json/0.0.20131108.vaadin1/android-json-0.0.20131108.vaadin1.jar:/home/nxtwave/.m2/repository/org/springframework/spring-core/5.3.25/spring-core-5.3.25.jar:/home/nxtwave/.m2/repository/org/springframework/spring-jcl/5.3.25/spring-jcl-5.3.25.jar:/home/nxtwave/.m2/repository/org/xmlunit/xmlunit-core/2.9.1/xmlunit-core-2.9.1.jar:/home/nxtwave/.m2/repository/org/springframework/spring-context/5.3.24/spring-context-5.3.24.jar:/home/nxtwave/.m2/repository/org/springframework/spring-aop/5.3.25/spring-aop-5.3.25.jar:/home/nxtwave/.m2/repository/org/springframework/spring-beans/5.3.25/spring-beans-5.3.25.jar:/home/nxtwave/.m2/repository/org/springframework/spring-expression/5.3.25/spring-expression-5.3.25.jar:/home/nxtwave/.m2/repository/org/springframework/spring-test/5.3.24/spring-test-5.3.24.jar:/home/nxtwave/.m2/repository/org/mockito/mockito-junit-jupiter/4.5.1/mockito-junit-jupiter-4.5.1.jar:/home/nxtwave/.m2/repository/org/junit/jupiter/junit-jupiter-api/5.8.2/junit-jupiter-api-5.8.2.jar:/home/nxtwave/.m2/repository/org/opentest4j/opentest4j/1.2.0/opentest4j-1.2.0.jar:/home/nxtwave/.m2/repository/org/junit/platform/junit-platform-commons/1.8.2/junit-platform-commons-1.8.2.jar:/home/nxtwave/.m2/repository/org/apiguardian/apiguardian-api/1.1.2/apiguardian-api-1.1.2.jar:"/>
    <property name="sun.cpu.endian" value="little"/>
    <property name="user.home" value="/home/nxtwave"/>
    <property name="user.language" value="en"/>
    <property name="java.specification.vendor" value="Oracle Corporation"/>
    <property name="java.home" value="/usr/local/openjdk-8/jre"/>
    <property name="basedir" value="/home/nxtwave/player"/>
    <property name="file.separator" value="/"/>
    <property name="line.separator" value="&#10;"/>
    <property name="java.vm.specification.vendor" value="Oracle Corporation"/>
    <property name="java.specification.name" value="Java Platform API Specification"/>
    <property name="java.awt.graphicsenv" value="sun.awt.X11GraphicsEnvironment"/>
    <property name="surefire.real.class.path" value="/home/nxtwave/player/target/surefire/surefirebooter3640662198529349787.jar"/>
    <property name="sun.boot.class.path" value="/usr/local/openjdk-8/jre/lib/resources.jar:/usr/local/openjdk-8/jre/lib/rt.jar:/usr/local/openjdk-8/jre/lib/sunrsasign.jar:/usr/local/openjdk-8/jre/lib/jsse.jar:/usr/local/openjdk-8/jre/lib/jce.jar:/usr/local/openjdk-8/jre/lib/charsets.jar:/usr/local/openjdk-8/jre/lib/jfr.jar:/usr/local/openjdk-8/jre/classes"/>
    <property name="sun.management.compiler" value="HotSpot 64-Bit Tiered Compilers"/>
    <property name="java.runtime.version" value="1.8.0_342-b07"/>
    <property name="user.name" value="nxtwave"/>
    <property name="path.separator" value=":"/>
    <property name="os.version" value="5.10.198-187.748.amzn2.x86_64"/>
    <property name="java.endorsed.dirs" value="/usr/local/openjdk-8/jre/lib/endorsed"/>
    <property name="java.runtime.name" value="OpenJDK Runtime Environment"/>
    <property name="file.encoding" value="UTF-8"/>
    <property name="java.vm.name" value="OpenJDK 64-Bit Server VM"/>
    <property name="localRepository" value="/home/nxtwave/.m2/repository"/>
    <property name="java.vendor.url.bug" value="http://bugreport.sun.com/bugreport/"/>
    <property name="java.io.tmpdir" value="/tmp"/>
    <property name="java.version" value="1.8.0_342"/>
    <property name="user.dir" value="/home/nxtwave/player"/>
    <property name="os.arch" value="amd64"/>
    <property name="java.vm.specification.name" value="Java Virtual Machine Specification"/>
    <property name="java.awt.printerjob" value="sun.print.PSPrinterJob"/>
    <property name="sun.os.patch.level" value="unknown"/>
    <property name="java.library.path" value="/usr/java/packages/lib/amd64:/usr/lib64:/lib64:/lib:/usr/lib"/>
    <property name="java.vm.info" value="mixed mode"/>
    <property name="java.vendor" value="Oracle Corporation"/>
    <property name="java.vm.version" value="25.342-b07"/>
    <property name="java.ext.dirs" value="/usr/local/openjdk-8/jre/lib/ext:/usr/java/packages/lib/ext"/>
    <property name="sun.io.unicode.encoding" value="UnicodeLittle"/>
    <property name="java.class.version" value="52.0"/>
  </properties>
  <testcase name="testgetPlayers" classname="com.example.player.PlayerControllerTests" time="2.003">
    <failure message="No value at JSON path &quot;$[0].playerId&quot;" type="java.lang.AssertionError">java.lang.AssertionError: No value at JSON path "$[0].playerId"
	at com.example.player.PlayerControllerTests.testgetPlayers(PlayerControllerTests.java:37)
Caused by: com.jayway.jsonpath.PathNotFoundException: No results for path: $[0]['playerId']
</failure>
    <system-out><![CDATA[2023-12-08 15:56:03.443  INFO 1559 --- [           main] .b.t.a.w.s.WebMvcTestContextBootstrapper : Neither @ContextConfiguration nor @ContextHierarchy found for test class [com.example.player.PlayerControllerTests], using SpringBootContextLoader
2023-12-08 15:56:03.444  INFO 1559 --- [           main] o.s.t.c.support.AbstractContextLoader    : Could not detect default resource locations for test class [com.example.player.PlayerControllerTests]: no resource found for suffixes {-context.xml, Context.groovy}.
2023-12-08 15:56:03.444  INFO 1559 --- [           main] t.c.s.AnnotationConfigContextLoaderUtils : Could not detect default configuration classes for test class [com.example.player.PlayerControllerTests]: PlayerControllerTests does not declare any static, non-private, non-final, nested classes annotated with @Configuration.
2023-12-08 15:56:04.239  INFO 1559 --- [           main] .b.t.c.SpringBootTestContextBootstrapper : Found @SpringBootConfiguration com.example.player.PlayerApplication for test class com.example.player.PlayerControllerTests
2023-12-08 15:56:04.241  INFO 1559 --- [           main] .b.t.a.w.s.WebMvcTestContextBootstrapper : Loaded default TestExecutionListener class names from location [META-INF/spring.factories]: [org.springframework.boot.test.mock.mockito.MockitoTestExecutionListener, org.springframework.boot.test.mock.mockito.ResetMocksTestExecutionListener, org.springframework.boot.test.autoconfigure.restdocs.RestDocsTestExecutionListener, org.springframework.boot.test.autoconfigure.web.client.MockRestServiceServerResetTestExecutionListener, org.springframework.boot.test.autoconfigure.web.servlet.MockMvcPrintOnlyOnFailureTestExecutionListener, org.springframework.boot.test.autoconfigure.web.servlet.WebDriverTestExecutionListener, org.springframework.boot.test.autoconfigure.webservices.client.MockWebServiceServerTestExecutionListener, org.springframework.test.context.web.ServletTestExecutionListener, org.springframework.test.context.support.DirtiesContextBeforeModesTestExecutionListener, org.springframework.test.context.event.ApplicationEventsTestExecutionListener, org.springframework.test.context.support.DependencyInjectionTestExecutionListener, org.springframework.test.context.support.DirtiesContextTestExecutionListener, org.springframework.test.context.transaction.TransactionalTestExecutionListener, org.springframework.test.context.jdbc.SqlScriptsTestExecutionListener, org.springframework.test.context.event.EventPublishingTestExecutionListener]
2023-12-08 15:56:04.340  INFO 1559 --- [           main] .b.t.a.w.s.WebMvcTestContextBootstrapper : Using TestExecutionListeners: [org.springframework.test.context.web.ServletTestExecutionListener@1319bc2a, org.springframework.test.context.support.DirtiesContextBeforeModesTestExecutionListener@e280403, org.springframework.test.context.event.ApplicationEventsTestExecutionListener@42f85fa4, org.springframework.boot.test.mock.mockito.MockitoTestExecutionListener@798dad3d, org.springframework.boot.test.autoconfigure.SpringBootDependencyInjectionTestExecutionListener@27abb6ca, org.springframework.test.context.support.DirtiesContextTestExecutionListener@696db620, org.springframework.test.context.event.EventPublishingTestExecutionListener@6968c1d6, org.springframework.boot.test.mock.mockito.ResetMocksTestExecutionListener@7d986d83, org.springframework.boot.test.autoconfigure.restdocs.RestDocsTestExecutionListener@77f991c, org.springframework.boot.test.autoconfigure.web.client.MockRestServiceServerResetTestExecutionListener@3a7e365, org.springframework.boot.test.autoconfigure.web.servlet.MockMvcPrintOnlyOnFailureTestExecutionListener@2ceee4b6, org.springframework.boot.test.autoconfigure.web.servlet.WebDriverTestExecutionListener@12a470dd, org.springframework.boot.test.autoconfigure.webservices.client.MockWebServiceServerTestExecutionListener@6968bcec]

  .   ____          _            __ _ _
 /\\ / ___'_ __ _ _(_)_ __  __ _ \ \ \ \
( ( )\___ | '_ | '_| | '_ \/ _` | \ \ \ \
 \\/  ___)| |_)| | | | | || (_| |  ) ) ) )
  '  |____| .__|_| |_|_| |_\__, | / / / /
 =========|_|==============|___/=/_/_/_/
 :: Spring Boot ::                (v2.7.8)

2023-12-08 15:56:04.947  INFO 1559 --- [           main] c.example.player.PlayerControllerTests   : Starting PlayerControllerTests using Java 1.8.0_342 on ip-10-2-0-54.ap-south-1.compute.internal with PID 1559 (started by nxtwave in /home/nxtwave/player)
2023-12-08 15:56:04.948  INFO 1559 --- [           main] c.example.player.PlayerControllerTests   : No active profile set, falling back to 1 default profile: "default"
2023-12-08 15:56:11.836  INFO 1559 --- [           main] o.s.b.t.m.w.SpringBootMockServletContext : Initializing Spring TestDispatcherServlet ''
2023-12-08 15:56:11.836  INFO 1559 --- [           main] o.s.t.web.servlet.TestDispatcherServlet  : Initializing Servlet ''
2023-12-08 15:56:11.841  INFO 1559 --- [           main] o.s.t.web.servlet.TestDispatcherServlet  : Completed initialization in 5 ms
2023-12-08 15:56:11.947  INFO 1559 --- [           main] c.example.player.PlayerControllerTests   : Started PlayerControllerTests in 7.412 seconds (JVM running for 50.013)

MockHttpServletRequest:
      HTTP Method = GET
      Request URI = /players
       Parameters = {}
          Headers = []
             Body = null
    Session Attrs = {}

Handler:
             Type = com.example.player.PlayerController
           Method = com.example.player.PlayerController#getPlayers()

Async:
    Async started = false
     Async result = null

Resolved Exception:
             Type = null

ModelAndView:
        View name = null
             View = null
            Model = null

FlashMap:
       Attributes = null

MockHttpServletResponse:
           Status = 200
    Error message = null
          Headers = [Content-Type:"application/json"]
     Content type = application/json
             Body = [{"role":"All-rounder","jerseyNum":5,"id":1,"name":"Alexander"},{"role":"All-rounder","jerseyNum":3,"id":2,"name":"Benjamin"},{"role":"Batsman","jerseyNum":18,"id":3,"name":"Michael"},{"role":"Batsman","jerseyNum":45,"id":4,"name":"William"},{"role":"Batsman","jerseyNum":19,"id":5,"name":"Joshua"},{"role":"Bowler","jerseyNum":10,"id":6,"name":"Daniel"},{"role":"Bowler","jerseyNum":34,"id":7,"name":"Matthew"},{"role":"Batsman","jerseyNum":17,"id":8,"name":"Samuel"},{"role":"Bowler","jerseyNum":1,"id":9,"name":"John"},{"role":"All-rounder","jerseyNum":2,"id":10,"name":"Earnest"},{"role":"Batsman","jerseyNum":25,"id":11,"name":"Bob"}]
    Forwarded URL = null
   Redirected URL = null
          Cookies = []
]]></system-out>
  </testcase>
  <testcase name="testgetNotFound" classname="com.example.player.PlayerControllerTests" time="0.101"/>
  <testcase name="testgetPlayerById" classname="com.example.player.PlayerControllerTests" time="0.11">
    <failure message="No value at JSON path &quot;$.playerId&quot;" type="java.lang.AssertionError">java.lang.AssertionError: No value at JSON path "$.playerId"
	at com.example.player.PlayerControllerTests.testgetPlayerById(PlayerControllerTests.java:104)
Caused by: com.jayway.jsonpath.PathNotFoundException: No results for path: $['playerId']
</failure>
    <system-out><![CDATA[
MockHttpServletRequest:
      HTTP Method = GET
      Request URI = /players/1
       Parameters = {}
          Headers = []
             Body = null
    Session Attrs = {}

Handler:
             Type = com.example.player.PlayerController
           Method = com.example.player.PlayerController#getplayer(int)

Async:
    Async started = false
     Async result = null

Resolved Exception:
             Type = null

ModelAndView:
        View name = null
             View = null
            Model = null

FlashMap:
       Attributes = null

MockHttpServletResponse:
           Status = 200
    Error message = null
          Headers = [Content-Type:"application/json"]
     Content type = application/json
             Body = {"role":"All-rounder","jerseyNum":5,"id":1,"name":"Alexander"}
    Forwarded URL = null
   Redirected URL = null
          Cookies = []
]]></system-out>
  </testcase>
  <testcase name="testpost" classname="com.example.player.PlayerControllerTests" time="0.606">
    <failure message="No value at JSON path &quot;$.playerId&quot;" type="java.lang.AssertionError">java.lang.AssertionError: No value at JSON path "$.playerId"
	at com.example.player.PlayerControllerTests.testpost(PlayerControllerTests.java:181)
Caused by: com.jayway.jsonpath.PathNotFoundException: No results for path: $['playerId']
</failure>
    <system-out><![CDATA[
MockHttpServletRequest:
      HTTP Method = POST
      Request URI = /players
       Parameters = {}
          Headers = [Content-Type:"application/json;charset=UTF-8", Accept:"application/json", Content-Length:"56"]
             Body = {"role":"Bowler","jerseyNum":24,"id":12,"name":"Prince"}
    Session Attrs = {}

Handler:
             Type = com.example.player.PlayerController
           Method = com.example.player.PlayerController#addPlayer(Player)

Async:
    Async started = false
     Async result = null

Resolved Exception:
             Type = null

ModelAndView:
        View name = null
             View = null
            Model = null

FlashMap:
       Attributes = null

MockHttpServletResponse:
           Status = 200
    Error message = null
          Headers = [Content-Type:"application/json"]
     Content type = application/json
             Body = {"role":"Bowler","jerseyNum":24,"id":12,"name":"Prince"}
    Forwarded URL = null
   Redirected URL = null
          Cookies = []
]]></system-out>
  </testcase>
  <testcase name="testafterpost" classname="com.example.player.PlayerControllerTests" time="0.099">
    <failure message="No value at JSON path &quot;$.playerId&quot;" type="java.lang.AssertionError">java.lang.AssertionError: No value at JSON path "$.playerId"
	at com.example.player.PlayerControllerTests.testafterpost(PlayerControllerTests.java:191)
Caused by: com.jayway.jsonpath.PathNotFoundException: No results for path: $['playerId']
</failure>
    <system-out><![CDATA[
MockHttpServletRequest:
      HTTP Method = GET
      Request URI = /players/12
       Parameters = {}
          Headers = []
             Body = null
    Session Attrs = {}

Handler:
             Type = com.example.player.PlayerController
           Method = com.example.player.PlayerController#getplayer(int)

Async:
    Async started = false
     Async result = null

Resolved Exception:
             Type = null

ModelAndView:
        View name = null
             View = null
            Model = null

FlashMap:
       Attributes = null

MockHttpServletResponse:
           Status = 200
    Error message = null
          Headers = [Content-Type:"application/json"]
     Content type = application/json
             Body = {"role":"Bowler","jerseyNum":24,"id":12,"name":"Prince"}
    Forwarded URL = null
   Redirected URL = null
          Cookies = []
]]></system-out>
  </testcase>
  <testcase name="testputNotFound" classname="com.example.player.PlayerControllerTests" time="0.11">
    <failure message="Status expected:&lt;404&gt; but was:&lt;500&gt;" type="java.lang.AssertionError"><![CDATA[java.lang.AssertionError: Status expected:<404> but was:<500>
	at com.example.player.PlayerControllerTests.testputNotFound(PlayerControllerTests.java:208)
]]></failure>
    <system-out><![CDATA[2023-12-08 15:56:15.242  WARN 1559 --- [           main] .w.s.m.s.DefaultHandlerExceptionResolver : Resolved [org.springframework.web.bind.MissingPathVariableException: Required URI template variable 'playerId' for method parameter type int is not present]

MockHttpServletRequest:
      HTTP Method = PUT
      Request URI = /players/39
       Parameters = {}
          Headers = [Content-Type:"application/json;charset=UTF-8", Accept:"application/json", Content-Length:"58"]
             Body = {"role":"All-rounder","jerseyNum":12,"id":3,"name":"Yuvi"}
    Session Attrs = {}

Handler:
             Type = com.example.player.PlayerController
           Method = com.example.player.PlayerController#updatePlayer(Player, int)

Async:
    Async started = false
     Async result = null

Resolved Exception:
             Type = org.springframework.web.bind.MissingPathVariableException

ModelAndView:
        View name = null
             View = null
            Model = null

FlashMap:
       Attributes = null

MockHttpServletResponse:
           Status = 500
    Error message = Required URI template variable 'playerId' for method parameter type int is not present
          Headers = []
     Content type = null
             Body = 
    Forwarded URL = null
   Redirected URL = null
          Cookies = []
]]></system-out>
  </testcase>
  <testcase name="testput" classname="com.example.player.PlayerControllerTests" time="0.192">
    <failure message="Status expected:&lt;200&gt; but was:&lt;500&gt;" type="java.lang.AssertionError"><![CDATA[java.lang.AssertionError: Status expected:<200> but was:<500>
	at com.example.player.PlayerControllerTests.testput(PlayerControllerTests.java:222)
]]></failure>
    <system-out><![CDATA[2023-12-08 15:56:15.344  WARN 1559 --- [           main] .w.s.m.s.DefaultHandlerExceptionResolver : Resolved [org.springframework.web.bind.MissingPathVariableException: Required URI template variable 'playerId' for method parameter type int is not present]

MockHttpServletRequest:
      HTTP Method = PUT
      Request URI = /players/3
       Parameters = {}
          Headers = [Content-Type:"application/json;charset=UTF-8", Accept:"application/json", Content-Length:"58"]
             Body = {"role":"All-rounder","jerseyNum":12,"id":3,"name":"Yuvi"}
    Session Attrs = {}

Handler:
             Type = com.example.player.PlayerController
           Method = com.example.player.PlayerController#updatePlayer(Player, int)

Async:
    Async started = false
     Async result = null

Resolved Exception:
             Type = org.springframework.web.bind.MissingPathVariableException

ModelAndView:
        View name = null
             View = null
            Model = null

FlashMap:
       Attributes = null

MockHttpServletResponse:
           Status = 500
    Error message = Required URI template variable 'playerId' for method parameter type int is not present
          Headers = []
     Content type = null
             Body = 
    Forwarded URL = null
   Redirected URL = null
          Cookies = []
]]></system-out>
  </testcase>
  <testcase name="testafterput" classname="com.example.player.PlayerControllerTests" time="0.099">
    <failure message="No value at JSON path &quot;$.playerId&quot;" type="java.lang.AssertionError">java.lang.AssertionError: No value at JSON path "$.playerId"
	at com.example.player.PlayerControllerTests.testafterput(PlayerControllerTests.java:235)
Caused by: com.jayway.jsonpath.PathNotFoundException: No results for path: $['playerId']
</failure>
    <system-out><![CDATA[
MockHttpServletRequest:
      HTTP Method = GET
      Request URI = /players/3
       Parameters = {}
          Headers = []
             Body = null
    Session Attrs = {}

Handler:
             Type = com.example.player.PlayerController
           Method = com.example.player.PlayerController#getplayer(int)

Async:
    Async started = false
     Async result = null

Resolved Exception:
             Type = null

ModelAndView:
        View name = null
             View = null
            Model = null

FlashMap:
       Attributes = null

MockHttpServletResponse:
           Status = 200
    Error message = null
          Headers = [Content-Type:"application/json"]
     Content type = application/json
             Body = {"role":"Batsman","jerseyNum":18,"id":3,"name":"Michael"}
    Forwarded URL = null
   Redirected URL = null
          Cookies = []
]]></system-out>
  </testcase>
  <testcase name="testdeleteNotFound" classname="com.example.player.PlayerControllerTests" time="0.093"/>
  <testcase name="testdelete" classname="com.example.player.PlayerControllerTests" time="0.094"/>
  <testcase name="testafterdelete" classname="com.example.player.PlayerControllerTests" time="0.206">
    <failure message="No value at JSON path &quot;$[0].playerId&quot;" type="java.lang.AssertionError">java.lang.AssertionError: No value at JSON path "$[0].playerId"
	at com.example.player.PlayerControllerTests.testafterdelete(PlayerControllerTests.java:266)
Caused by: com.jayway.jsonpath.PathNotFoundException: No results for path: $[0]['playerId']
</failure>
    <system-out><![CDATA[
MockHttpServletRequest:
      HTTP Method = GET
      Request URI = /players
       Parameters = {}
          Headers = []
             Body = null
    Session Attrs = {}

Handler:
             Type = com.example.player.PlayerController
           Method = com.example.player.PlayerController#getPlayers()

Async:
    Async started = false
     Async result = null

Resolved Exception:
             Type = null

ModelAndView:
        View name = null
             View = null
            Model = null

FlashMap:
       Attributes = null

MockHttpServletResponse:
           Status = 200
    Error message = null
          Headers = [Content-Type:"application/json"]
     Content type = application/json
             Body = [{"role":"All-rounder","jerseyNum":5,"id":1,"name":"Alexander"},{"role":"All-rounder","jerseyNum":3,"id":2,"name":"Benjamin"},{"role":"Batsman","jerseyNum":18,"id":3,"name":"Michael"},{"role":"Batsman","jerseyNum":45,"id":4,"name":"William"},{"role":"Batsman","jerseyNum":19,"id":5,"name":"Joshua"},{"role":"Bowler","jerseyNum":10,"id":6,"name":"Daniel"},{"role":"Bowler","jerseyNum":34,"id":7,"name":"Matthew"},{"role":"Batsman","jerseyNum":17,"id":8,"name":"Samuel"},{"role":"Bowler","jerseyNum":1,"id":9,"name":"John"},{"role":"All-rounder","jerseyNum":2,"id":10,"name":"Earnest"},{"role":"Batsman","jerseyNum":25,"id":11,"name":"Bob"}]
    Forwarded URL = null
   Redirected URL = null
          Cookies = []
]]></system-out>
  </testcase>
</testsuite>